  Attack.cpp
c:\users\dhgld\desktop\과제\win32project1\attack.cpp(50): warning C4244: '인수': 'float'에서 'int'(으)로 변환하면서 데이터가 손실될 수 있습니다.
c:\users\dhgld\desktop\과제\win32project1\attack.cpp(49): warning C4244: '인수': 'float'에서 'int'(으)로 변환하면서 데이터가 손실될 수 있습니다.
c:\users\dhgld\desktop\과제\win32project1\attack.cpp(64): warning C4244: '초기화 중': 'LONG'에서 'float'(으)로 변환하면서 데이터가 손실될 수 있습니다.
c:\users\dhgld\desktop\과제\win32project1\attack.cpp(65): warning C4244: '-=': 'float'에서 'LONG'(으)로 변환하면서 데이터가 손실될 수 있습니다.
c:\users\dhgld\desktop\과제\win32project1\attack.cpp(66): warning C4244: '-=': 'float'에서 'LONG'(으)로 변환하면서 데이터가 손실될 수 있습니다.
  BmpMgr.cpp
  Bug.cpp
c:\users\dhgld\desktop\과제\win32project1\bug.cpp(61): warning C4244: '인수': 'float'에서 'int'(으)로 변환하면서 데이터가 손실될 수 있습니다.
c:\users\dhgld\desktop\과제\win32project1\bug.cpp(60): warning C4244: '인수': 'float'에서 'int'(으)로 변환하면서 데이터가 손실될 수 있습니다.
  CEffect.cpp
c:\users\dhgld\desktop\과제\win32project1\ceffect.cpp(39): warning C4244: '인수': 'float'에서 'int'(으)로 변환하면서 데이터가 손실될 수 있습니다.
c:\users\dhgld\desktop\과제\win32project1\ceffect.cpp(38): warning C4244: '인수': 'float'에서 'int'(으)로 변환하면서 데이터가 손실될 수 있습니다.
c:\users\dhgld\desktop\과제\win32project1\ceffect.cpp(51): warning C4244: '=': 'float'에서 'LONG'(으)로 변환하면서 데이터가 손실될 수 있습니다.
  CollisionMgr.cpp
  Fly.cpp
c:\users\dhgld\desktop\과제\win32project1\fly.cpp(57): warning C4244: '인수': 'float'에서 'int'(으)로 변환하면서 데이터가 손실될 수 있습니다.
c:\users\dhgld\desktop\과제\win32project1\fly.cpp(56): warning C4244: '인수': 'float'에서 'int'(으)로 변환하면서 데이터가 손실될 수 있습니다.
  Generator.cpp
  Goal.cpp
  Hp.cpp
  HpBar.cpp
  Husk.cpp
c:\users\dhgld\desktop\과제\win32project1\husk.cpp(74): warning C4244: '인수': 'float'에서 'int'(으)로 변환하면서 데이터가 손실될 수 있습니다.
c:\users\dhgld\desktop\과제\win32project1\husk.cpp(73): warning C4244: '인수': 'float'에서 'int'(으)로 변환하면서 데이터가 손실될 수 있습니다.
c:\users\dhgld\desktop\과제\win32project1\husk.cpp(237): warning C4244: '=': 'float'에서 'LONG'(으)로 변환하면서 데이터가 손실될 수 있습니다.
c:\users\dhgld\desktop\과제\win32project1\husk.cpp(239): warning C4244: '=': 'float'에서 'LONG'(으)로 변환하면서 데이터가 손실될 수 있습니다.
c:\users\dhgld\desktop\과제\win32project1\husk.cpp(242): warning C4244: '=': 'float'에서 'LONG'(으)로 변환하면서 데이터가 손실될 수 있습니다.
c:\users\dhgld\desktop\과제\win32project1\husk.cpp(244): warning C4244: '=': 'float'에서 'LONG'(으)로 변환하면서 데이터가 손실될 수 있습니다.
  Item.cpp
c:\users\dhgld\desktop\과제\win32project1\item.cpp(43): warning C4244: '인수': 'float'에서 'int'(으)로 변환하면서 데이터가 손실될 수 있습니다.
c:\users\dhgld\desktop\과제\win32project1\item.cpp(42): warning C4244: '인수': 'float'에서 'int'(으)로 변환하면서 데이터가 손실될 수 있습니다.
c:\users\dhgld\desktop\과제\win32project1\item.cpp(37): warning C4244: '인수': 'float'에서 'int'(으)로 변환하면서 데이터가 손실될 수 있습니다.
c:\users\dhgld\desktop\과제\win32project1\item.cpp(36): warning C4244: '인수': 'float'에서 'int'(으)로 변환하면서 데이터가 손실될 수 있습니다.
  KeyMgr.cpp
  Line.cpp
c:\users\dhgld\desktop\과제\win32project1\line.cpp(26): warning C4244: '인수': 'float'에서 'int'(으)로 변환하면서 데이터가 손실될 수 있습니다.
c:\users\dhgld\desktop\과제\win32project1\line.cpp(27): warning C4244: '인수': 'float'에서 'int'(으)로 변환하면서 데이터가 손실될 수 있습니다.
  LineMgr.cpp
  Logo.cpp
  MyBmp.cpp
  MyMenu.cpp
  Scene.cpp
  SceneMgr.cpp
  컴파일하고 있습니다...
  ScrollMgr.cpp
c:\users\dhgld\desktop\과제\win32project1\scrollmgr.cpp(23): warning C4244: '=': 'double'에서 'float'(으)로 변환하면서 데이터가 손실될 수 있습니다.
c:\users\dhgld\desktop\과제\win32project1\scrollmgr.cpp(24): warning C4244: '=': 'double'에서 'float'(으)로 변환하면서 데이터가 손실될 수 있습니다.
  SemiBoss.cpp
c:\users\dhgld\desktop\과제\win32project1\semiboss.cpp(76): warning C4244: '인수': 'float'에서 'int'(으)로 변환하면서 데이터가 손실될 수 있습니다.
c:\users\dhgld\desktop\과제\win32project1\semiboss.cpp(75): warning C4244: '인수': 'float'에서 'int'(으)로 변환하면서 데이터가 손실될 수 있습니다.
c:\users\dhgld\desktop\과제\win32project1\semiboss.cpp(149): warning C4244: '인수': 'LONG'에서 'float'(으)로 변환하면서 데이터가 손실될 수 있습니다.
c:\users\dhgld\desktop\과제\win32project1\semiboss.cpp(322): warning C4244: '=': 'float'에서 'LONG'(으)로 변환하면서 데이터가 손실될 수 있습니다.
c:\users\dhgld\desktop\과제\win32project1\semiboss.cpp(324): warning C4244: '=': 'float'에서 'LONG'(으)로 변환하면서 데이터가 손실될 수 있습니다.
  Stage1.cpp
c:\users\dhgld\desktop\과제\win32project1\stage1.cpp(71): warning C4244: '초기화 중': 'float'에서 'int'(으)로 변환하면서 데이터가 손실될 수 있습니다.
c:\users\dhgld\desktop\과제\win32project1\stage1.cpp(72): warning C4244: '초기화 중': 'float'에서 'int'(으)로 변환하면서 데이터가 손실될 수 있습니다.
  Stage2.cpp
c:\users\dhgld\desktop\과제\win32project1\stage2.cpp(50): warning C4244: '초기화 중': 'float'에서 'int'(으)로 변환하면서 데이터가 손실될 수 있습니다.
c:\users\dhgld\desktop\과제\win32project1\stage2.cpp(51): warning C4244: '초기화 중': 'float'에서 'int'(으)로 변환하면서 데이터가 손실될 수 있습니다.
  Sword.cpp
c:\users\dhgld\desktop\과제\win32project1\sword.cpp(101): warning C4244: '인수': 'float'에서 'int'(으)로 변환하면서 데이터가 손실될 수 있습니다.
c:\users\dhgld\desktop\과제\win32project1\sword.cpp(100): warning C4244: '인수': 'float'에서 'int'(으)로 변환하면서 데이터가 손실될 수 있습니다.
c:\users\dhgld\desktop\과제\win32project1\sword.cpp(114): warning C4244: '=': 'float'에서 'LONG'(으)로 변환하면서 데이터가 손실될 수 있습니다.
c:\users\dhgld\desktop\과제\win32project1\sword.cpp(136): warning C4244: '+=': 'float'에서 'LONG'(으)로 변환하면서 데이터가 손실될 수 있습니다.
c:\users\dhgld\desktop\과제\win32project1\sword.cpp(137): warning C4244: '+=': 'float'에서 'LONG'(으)로 변환하면서 데이터가 손실될 수 있습니다.
c:\users\dhgld\desktop\과제\win32project1\sword.cpp(149): warning C4244: '=': 'float'에서 'LONG'(으)로 변환하면서 데이터가 손실될 수 있습니다.
  MainGame.cpp
  Obj.cpp
c:\users\dhgld\desktop\과제\win32project1\obj.cpp(22): warning C4244: '=': 'float'에서 'LONG'(으)로 변환하면서 데이터가 손실될 수 있습니다.
c:\users\dhgld\desktop\과제\win32project1\obj.cpp(23): warning C4244: '=': 'float'에서 'LONG'(으)로 변환하면서 데이터가 손실될 수 있습니다.
c:\users\dhgld\desktop\과제\win32project1\obj.cpp(24): warning C4244: '=': 'float'에서 'LONG'(으)로 변환하면서 데이터가 손실될 수 있습니다.
c:\users\dhgld\desktop\과제\win32project1\obj.cpp(25): warning C4244: '=': 'float'에서 'LONG'(으)로 변환하면서 데이터가 손실될 수 있습니다.
c:\users\dhgld\desktop\과제\win32project1\obj.cpp(27): warning C4244: '=': 'float'에서 'LONG'(으)로 변환하면서 데이터가 손실될 수 있습니다.
c:\users\dhgld\desktop\과제\win32project1\obj.cpp(28): warning C4244: '=': 'float'에서 'LONG'(으)로 변환하면서 데이터가 손실될 수 있습니다.
c:\users\dhgld\desktop\과제\win32project1\obj.cpp(29): warning C4244: '=': 'float'에서 'LONG'(으)로 변환하면서 데이터가 손실될 수 있습니다.
c:\users\dhgld\desktop\과제\win32project1\obj.cpp(30): warning C4244: '=': 'float'에서 'LONG'(으)로 변환하면서 데이터가 손실될 수 있습니다.
  ObjMgr.cpp
  Player.cpp
c:\users\dhgld\desktop\과제\win32project1\player.cpp(86): warning C4244: '인수': 'float'에서 'int'(으)로 변환하면서 데이터가 손실될 수 있습니다.
c:\users\dhgld\desktop\과제\win32project1\player.cpp(85): warning C4244: '인수': 'float'에서 'int'(으)로 변환하면서 데이터가 손실될 수 있습니다.
c:\users\dhgld\desktop\과제\win32project1\player.cpp(273): warning C4244: '초기화 중': 'LONG'에서 'float'(으)로 변환하면서 데이터가 손실될 수 있습니다.
c:\users\dhgld\desktop\과제\win32project1\player.cpp(280): warning C4244: '초기화 중': 'LONG'에서 'float'(으)로 변환하면서 데이터가 손실될 수 있습니다.
c:\users\dhgld\desktop\과제\win32project1\player.cpp(291): warning C4244: '초기화 중': 'LONG'에서 'float'(으)로 변환하면서 데이터가 손실될 수 있습니다.
  Wall.cpp
  Win32Project1.cpp
  코드를 생성하고 있습니다.
  All 593 functions were compiled because no usable IPDB/IOBJ from previous compilation was found.
  코드를 생성했습니다.
  Win32Project1.vcxproj -> C:\Users\dhgld\Desktop\과제\x64\Release\Win32Project1.exe
